[2025-03-08T11:11:05.278+0000] {manager.py:483} INFO - Processing files using up to 1 processes at a time 
[2025-03-08T11:11:05.280+0000] {manager.py:484} INFO - Process each file at most once every 30 seconds
[2025-03-08T11:11:05.282+0000] {manager.py:485} INFO - Checking for new files in /opt/airflow/dags every 300 seconds
[2025-03-08T11:11:05.283+0000] {manager.py:821} INFO - Searching for files in /opt/airflow/dags
[2025-03-08T11:11:05.287+0000] {manager.py:824} INFO - There are 0 files in /opt/airflow/dags
[2025-03-08T12:10:10.884+0000] {manager.py:483} INFO - Processing files using up to 1 processes at a time 
[2025-03-08T12:10:10.886+0000] {manager.py:484} INFO - Process each file at most once every 30 seconds
[2025-03-08T12:10:10.888+0000] {manager.py:485} INFO - Checking for new files in /opt/airflow/dags every 300 seconds
[2025-03-08T12:10:10.890+0000] {manager.py:821} INFO - Searching for files in /opt/airflow/dags
[2025-03-08T12:10:10.894+0000] {manager.py:824} INFO - There are 0 files in /opt/airflow/dags
[2025-03-08T12:15:12.159+0000] {manager.py:821} INFO - Searching for files in /opt/airflow/dags
[2025-03-08T12:15:12.233+0000] {manager.py:824} INFO - There are 1 files in /opt/airflow/dags
[2025-03-08T12:15:38.571+0000] {manager.py:997} INFO - 
================================================================================
DAG File Processing Stats

File Path                         PID    Runtime      # DAGs    # Errors  Last Runtime    Last Run               Last # of DB Queries
--------------------------------  -----  ---------  --------  ----------  --------------  -------------------  ----------------------
/opt/airflow/dags/welcome_dag.py                           1           0  5.34s           2025-03-08T12:15:17                      45
================================================================================
[2025-03-08T12:16:11.973+0000] {manager.py:997} INFO - 
================================================================================
DAG File Processing Stats

File Path                         PID    Runtime      # DAGs    # Errors  Last Runtime    Last Run               Last # of DB Queries
--------------------------------  -----  ---------  --------  ----------  --------------  -------------------  ----------------------
/opt/airflow/dags/welcome_dag.py                           1           0  0.81s           2025-03-08T12:15:50                      12
================================================================================
[2025-03-08T12:16:44.734+0000] {manager.py:997} INFO - 
================================================================================
DAG File Processing Stats

File Path                         PID    Runtime      # DAGs    # Errors  Last Runtime    Last Run               Last # of DB Queries
--------------------------------  -----  ---------  --------  ----------  --------------  -------------------  ----------------------
/opt/airflow/dags/welcome_dag.py                           1           0  0.71s           2025-03-08T12:16:23                      12
================================================================================
[2025-03-08T12:17:18.436+0000] {manager.py:997} INFO - 
================================================================================
DAG File Processing Stats

File Path                         PID    Runtime      # DAGs    # Errors  Last Runtime    Last Run               Last # of DB Queries
--------------------------------  -----  ---------  --------  ----------  --------------  -------------------  ----------------------
/opt/airflow/dags/welcome_dag.py                           1           0  0.81s           2025-03-08T12:16:56                      12
================================================================================
[2025-03-08T12:17:51.963+0000] {manager.py:997} INFO - 
================================================================================
DAG File Processing Stats

File Path                         PID    Runtime      # DAGs    # Errors  Last Runtime    Last Run               Last # of DB Queries
--------------------------------  -----  ---------  --------  ----------  --------------  -------------------  ----------------------
/opt/airflow/dags/welcome_dag.py                           1           0  0.71s           2025-03-08T12:17:38                      12
================================================================================
[2025-03-08T12:18:24.943+0000] {manager.py:997} INFO - 
================================================================================
DAG File Processing Stats

File Path                         PID    Runtime      # DAGs    # Errors  Last Runtime    Last Run               Last # of DB Queries
--------------------------------  -----  ---------  --------  ----------  --------------  -------------------  ----------------------
/opt/airflow/dags/welcome_dag.py                           1           0  0.81s           2025-03-08T12:18:09                      12
================================================================================
[2025-03-08T12:19:11.236+0000] {manager.py:997} INFO - 
================================================================================
DAG File Processing Stats

File Path                         PID    Runtime      # DAGs    # Errors  Last Runtime    Last Run               Last # of DB Queries
--------------------------------  -----  ---------  --------  ----------  --------------  -------------------  ----------------------
/opt/airflow/dags/welcome_dag.py                           1           0  1.11s           2025-03-08T12:18:41                      12
================================================================================
[2025-03-08T12:19:44.070+0000] {manager.py:997} INFO - 
================================================================================
DAG File Processing Stats

File Path                         PID    Runtime      # DAGs    # Errors  Last Runtime    Last Run               Last # of DB Queries
--------------------------------  -----  ---------  --------  ----------  --------------  -------------------  ----------------------
/opt/airflow/dags/welcome_dag.py                           1           0  0.81s           2025-03-08T12:19:25                      12
================================================================================
[2025-03-08T12:20:12.427+0000] {manager.py:821} INFO - Searching for files in /opt/airflow/dags
[2025-03-08T12:20:12.575+0000] {manager.py:824} INFO - There are 1 files in /opt/airflow/dags
[2025-03-08T12:20:17.698+0000] {manager.py:997} INFO - 
================================================================================
DAG File Processing Stats

File Path                         PID    Runtime      # DAGs    # Errors  Last Runtime    Last Run               Last # of DB Queries
--------------------------------  -----  ---------  --------  ----------  --------------  -------------------  ----------------------
/opt/airflow/dags/welcome_dag.py                           1           0  0.81s           2025-03-08T12:19:57                      12
================================================================================
[2025-03-08T12:20:51.006+0000] {manager.py:997} INFO - 
================================================================================
DAG File Processing Stats

File Path                         PID    Runtime      # DAGs    # Errors  Last Runtime    Last Run               Last # of DB Queries
--------------------------------  -----  ---------  --------  ----------  --------------  -------------------  ----------------------
/opt/airflow/dags/welcome_dag.py                           1           0  0.71s           2025-03-08T12:20:28                      12
================================================================================
[2025-03-08T14:10:42.015+0000] {manager.py:483} INFO - Processing files using up to 1 processes at a time 
[2025-03-08T14:10:42.018+0000] {manager.py:484} INFO - Process each file at most once every 30 seconds
[2025-03-08T14:10:42.019+0000] {manager.py:485} INFO - Checking for new files in /opt/airflow/dags every 300 seconds
[2025-03-08T14:10:42.021+0000] {manager.py:821} INFO - Searching for files in /opt/airflow/dags
[2025-03-08T14:10:42.146+0000] {manager.py:824} INFO - There are 1 files in /opt/airflow/dags
[2025-03-08T14:10:43.253+0000] {manager.py:997} INFO - 
================================================================================
DAG File Processing Stats

File Path                         PID    Runtime      # DAGs    # Errors  Last Runtime    Last Run               Last # of DB Queries
--------------------------------  -----  ---------  --------  ----------  --------------  -------------------  ----------------------
/opt/airflow/dags/welcome_dag.py                           1           0  0.72s           2025-03-08T14:10:43                      12
================================================================================
[2025-03-08T14:11:15.084+0000] {manager.py:997} INFO - 
================================================================================
DAG File Processing Stats

File Path                         PID    Runtime      # DAGs    # Errors  Last Runtime    Last Run               Last # of DB Queries
--------------------------------  -----  ---------  --------  ----------  --------------  -------------------  ----------------------
/opt/airflow/dags/welcome_dag.py                           1           0  0.72s           2025-03-08T14:11:15                      12
================================================================================
[2025-03-08T14:11:45.914+0000] {manager.py:997} INFO - 
================================================================================
DAG File Processing Stats

File Path                         PID    Runtime      # DAGs    # Errors  Last Runtime    Last Run               Last # of DB Queries
--------------------------------  -----  ---------  --------  ----------  --------------  -------------------  ----------------------
/opt/airflow/dags/welcome_dag.py                           1           0  0.61s           2025-03-08T14:11:45                      12
================================================================================
[2025-03-08T14:12:08.111+0000] {manager.py:997} INFO - 
================================================================================
DAG File Processing Stats

File Path                         PID    Runtime      # DAGs    # Errors  Last Runtime    Last Run               Last # of DB Queries
--------------------------------  -----  ---------  --------  ----------  --------------  -------------------  ----------------------
/opt/airflow/dags/welcome_dag.py                           1           0  -8.05s          2025-03-08T14:12:08                      12
================================================================================
[2025-03-08T14:12:49.697+0000] {manager.py:997} INFO - 
================================================================================
DAG File Processing Stats

File Path                         PID    Runtime      # DAGs    # Errors  Last Runtime    Last Run               Last # of DB Queries
--------------------------------  -----  ---------  --------  ----------  --------------  -------------------  ----------------------
/opt/airflow/dags/welcome_dag.py                           1           0  0.62s           2025-03-08T14:12:40                      12
================================================================================
[2025-03-08T14:13:23.095+0000] {manager.py:997} INFO - 
================================================================================
DAG File Processing Stats

File Path                         PID    Runtime      # DAGs    # Errors  Last Runtime    Last Run               Last # of DB Queries
--------------------------------  -----  ---------  --------  ----------  --------------  -------------------  ----------------------
/opt/airflow/dags/welcome_dag.py                           1           0  0.71s           2025-03-08T14:13:11                      12
================================================================================
[2025-03-08T14:13:56.517+0000] {manager.py:997} INFO - 
================================================================================
DAG File Processing Stats

File Path                         PID    Runtime      # DAGs    # Errors  Last Runtime    Last Run               Last # of DB Queries
--------------------------------  -----  ---------  --------  ----------  --------------  -------------------  ----------------------
/opt/airflow/dags/welcome_dag.py                           1           0  0.71s           2025-03-08T14:13:42                      12
================================================================================
[2025-03-08T14:14:30.251+0000] {manager.py:997} INFO - 
================================================================================
DAG File Processing Stats

File Path                         PID    Runtime      # DAGs    # Errors  Last Runtime    Last Run               Last # of DB Queries
--------------------------------  -----  ---------  --------  ----------  --------------  -------------------  ----------------------
/opt/airflow/dags/welcome_dag.py                           1           0  0.71s           2025-03-08T14:14:13                      12
================================================================================
[2025-03-08T14:15:03.709+0000] {manager.py:997} INFO - 
================================================================================
DAG File Processing Stats

File Path                         PID    Runtime      # DAGs    # Errors  Last Runtime    Last Run               Last # of DB Queries
--------------------------------  -----  ---------  --------  ----------  --------------  -------------------  ----------------------
/opt/airflow/dags/welcome_dag.py                           1           0  0.71s           2025-03-08T14:14:45                      12
================================================================================
[2025-03-08T14:15:36.651+0000] {manager.py:997} INFO - 
================================================================================
DAG File Processing Stats

File Path                         PID    Runtime      # DAGs    # Errors  Last Runtime    Last Run               Last # of DB Queries
--------------------------------  -----  ---------  --------  ----------  --------------  -------------------  ----------------------
/opt/airflow/dags/welcome_dag.py                           1           0  0.61s           2025-03-08T14:15:16                      12
================================================================================
[2025-03-08T14:15:43.238+0000] {manager.py:821} INFO - Searching for files in /opt/airflow/dags
[2025-03-08T14:15:43.342+0000] {manager.py:824} INFO - There are 1 files in /opt/airflow/dags
[2025-03-08T14:16:09.987+0000] {manager.py:997} INFO - 
================================================================================
DAG File Processing Stats

File Path                         PID    Runtime      # DAGs    # Errors  Last Runtime    Last Run               Last # of DB Queries
--------------------------------  -----  ---------  --------  ----------  --------------  -------------------  ----------------------
/opt/airflow/dags/welcome_dag.py                           1           0  0.61s           2025-03-08T14:15:47                      12
================================================================================
[2025-03-08T14:16:43.080+0000] {manager.py:997} INFO - 
================================================================================
DAG File Processing Stats

File Path                         PID    Runtime      # DAGs    # Errors  Last Runtime    Last Run               Last # of DB Queries
--------------------------------  -----  ---------  --------  ----------  --------------  -------------------  ----------------------
/opt/airflow/dags/welcome_dag.py                           1           0  0.61s           2025-03-08T14:16:18                      12
================================================================================
[2025-03-08T14:17:16.326+0000] {manager.py:997} INFO - 
================================================================================
DAG File Processing Stats

File Path                         PID    Runtime      # DAGs    # Errors  Last Runtime    Last Run               Last # of DB Queries
--------------------------------  -----  ---------  --------  ----------  --------------  -------------------  ----------------------
/opt/airflow/dags/welcome_dag.py                           1           0  0.71s           2025-03-08T14:16:50                      12
================================================================================
[2025-03-08T14:17:49.390+0000] {manager.py:997} INFO - 
================================================================================
DAG File Processing Stats

File Path                         PID    Runtime      # DAGs    # Errors  Last Runtime    Last Run               Last # of DB Queries
--------------------------------  -----  ---------  --------  ----------  --------------  -------------------  ----------------------
/opt/airflow/dags/welcome_dag.py                           1           0  0.71s           2025-03-08T14:17:22                      12
================================================================================
[2025-03-08T14:18:23.151+0000] {manager.py:997} INFO - 
================================================================================
DAG File Processing Stats

File Path                         PID    Runtime      # DAGs    # Errors  Last Runtime    Last Run               Last # of DB Queries
--------------------------------  -----  ---------  --------  ----------  --------------  -------------------  ----------------------
/opt/airflow/dags/welcome_dag.py                           1           0  0.61s           2025-03-08T14:17:53                      12
================================================================================
[2025-03-08T14:18:47.485+0000] {manager.py:997} INFO - 
================================================================================
DAG File Processing Stats

File Path                         PID    Runtime      # DAGs    # Errors  Last Runtime    Last Run               Last # of DB Queries
--------------------------------  -----  ---------  --------  ----------  --------------  -------------------  ----------------------
/opt/airflow/dags/welcome_dag.py                           1           0  0.81s           2025-03-08T14:18:25                      12
================================================================================
[2025-03-08T14:19:29.739+0000] {manager.py:997} INFO - 
================================================================================
DAG File Processing Stats

File Path                         PID    Runtime      # DAGs    # Errors  Last Runtime    Last Run               Last # of DB Queries
--------------------------------  -----  ---------  --------  ----------  --------------  -------------------  ----------------------
/opt/airflow/dags/welcome_dag.py                           1           0  0.82s           2025-03-08T14:19:06                      12
================================================================================
[2025-03-08T14:20:03.330+0000] {manager.py:997} INFO - 
================================================================================
DAG File Processing Stats

File Path                         PID    Runtime      # DAGs    # Errors  Last Runtime    Last Run               Last # of DB Queries
--------------------------------  -----  ---------  --------  ----------  --------------  -------------------  ----------------------
/opt/airflow/dags/welcome_dag.py                           1           0  0.71s           2025-03-08T14:19:38                      12
================================================================================
[2025-03-08T14:20:35.965+0000] {manager.py:997} INFO - 
================================================================================
DAG File Processing Stats

File Path                         PID    Runtime      # DAGs    # Errors  Last Runtime    Last Run               Last # of DB Queries
--------------------------------  -----  ---------  --------  ----------  --------------  -------------------  ----------------------
/opt/airflow/dags/welcome_dag.py                           1           0  0.71s           2025-03-08T14:20:10                      12
================================================================================
[2025-03-08T14:20:44.046+0000] {manager.py:821} INFO - Searching for files in /opt/airflow/dags
[2025-03-08T14:20:44.187+0000] {manager.py:824} INFO - There are 1 files in /opt/airflow/dags
[2025-03-08T14:21:09.899+0000] {manager.py:997} INFO - 
================================================================================
DAG File Processing Stats

File Path                         PID    Runtime      # DAGs    # Errors  Last Runtime    Last Run               Last # of DB Queries
--------------------------------  -----  ---------  --------  ----------  --------------  -------------------  ----------------------
/opt/airflow/dags/welcome_dag.py                           1           0  0.82s           2025-03-08T14:20:42                      12
================================================================================
[2025-03-08T14:21:43.397+0000] {manager.py:997} INFO - 
================================================================================
DAG File Processing Stats

File Path                         PID    Runtime      # DAGs    # Errors  Last Runtime    Last Run               Last # of DB Queries
--------------------------------  -----  ---------  --------  ----------  --------------  -------------------  ----------------------
/opt/airflow/dags/welcome_dag.py                           1           0  0.71s           2025-03-08T14:21:14                      12
================================================================================
[2025-03-08T14:22:17.833+0000] {manager.py:997} INFO - 
================================================================================
DAG File Processing Stats

File Path                         PID    Runtime      # DAGs    # Errors  Last Runtime    Last Run               Last # of DB Queries
--------------------------------  -----  ---------  --------  ----------  --------------  -------------------  ----------------------
/opt/airflow/dags/welcome_dag.py                           1           0  0.71s           2025-03-08T14:22:17                      12
================================================================================
[2025-03-08T14:22:51.305+0000] {manager.py:997} INFO - 
================================================================================
DAG File Processing Stats

File Path                         PID    Runtime      # DAGs    # Errors  Last Runtime    Last Run               Last # of DB Queries
--------------------------------  -----  ---------  --------  ----------  --------------  -------------------  ----------------------
/opt/airflow/dags/welcome_dag.py                           1           0  0.73s           2025-03-08T14:22:49                      12
================================================================================
[2025-03-08T14:23:24.197+0000] {manager.py:997} INFO - 
================================================================================
DAG File Processing Stats

File Path                         PID    Runtime      # DAGs    # Errors  Last Runtime    Last Run               Last # of DB Queries
--------------------------------  -----  ---------  --------  ----------  --------------  -------------------  ----------------------
/opt/airflow/dags/welcome_dag.py                           1           0  0.72s           2025-03-08T14:23:20                      12
================================================================================
[2025-03-08T14:23:57.109+0000] {manager.py:997} INFO - 
================================================================================
DAG File Processing Stats

File Path                         PID    Runtime      # DAGs    # Errors  Last Runtime    Last Run               Last # of DB Queries
--------------------------------  -----  ---------  --------  ----------  --------------  -------------------  ----------------------
/opt/airflow/dags/welcome_dag.py                           1           0  0.71s           2025-03-08T14:23:52                      12
================================================================================
[2025-03-08T14:24:30.272+0000] {manager.py:997} INFO - 
================================================================================
DAG File Processing Stats

File Path                         PID    Runtime      # DAGs    # Errors  Last Runtime    Last Run               Last # of DB Queries
--------------------------------  -----  ---------  --------  ----------  --------------  -------------------  ----------------------
/opt/airflow/dags/welcome_dag.py                           1           0  0.71s           2025-03-08T14:24:23                      12
================================================================================
[2025-03-08T14:25:03.346+0000] {manager.py:997} INFO - 
================================================================================
DAG File Processing Stats

File Path                         PID    Runtime      # DAGs    # Errors  Last Runtime    Last Run               Last # of DB Queries
--------------------------------  -----  ---------  --------  ----------  --------------  -------------------  ----------------------
/opt/airflow/dags/welcome_dag.py                           1           0  0.61s           2025-03-08T14:24:54                      12
================================================================================
[2025-03-08T14:25:36.710+0000] {manager.py:997} INFO - 
================================================================================
DAG File Processing Stats

File Path                         PID    Runtime      # DAGs    # Errors  Last Runtime    Last Run               Last # of DB Queries
--------------------------------  -----  ---------  --------  ----------  --------------  -------------------  ----------------------
/opt/airflow/dags/welcome_dag.py                           1           0  0.71s           2025-03-08T14:25:26                      12
================================================================================
[2025-03-08T14:25:44.960+0000] {manager.py:821} INFO - Searching for files in /opt/airflow/dags
[2025-03-08T14:25:45.130+0000] {manager.py:824} INFO - There are 1 files in /opt/airflow/dags
[2025-03-08T14:26:10.571+0000] {manager.py:997} INFO - 
================================================================================
DAG File Processing Stats

File Path                         PID    Runtime      # DAGs    # Errors  Last Runtime    Last Run               Last # of DB Queries
--------------------------------  -----  ---------  --------  ----------  --------------  -------------------  ----------------------
/opt/airflow/dags/welcome_dag.py                           1           0  0.61s           2025-03-08T14:25:57                      12
================================================================================
[2025-03-08T14:26:44.359+0000] {manager.py:997} INFO - 
================================================================================
DAG File Processing Stats

File Path                         PID    Runtime      # DAGs    # Errors  Last Runtime    Last Run               Last # of DB Queries
--------------------------------  -----  ---------  --------  ----------  --------------  -------------------  ----------------------
/opt/airflow/dags/welcome_dag.py                           1           0  0.83s           2025-03-08T14:26:29                      12
================================================================================
[2025-03-08T14:27:18.123+0000] {manager.py:997} INFO - 
================================================================================
DAG File Processing Stats

File Path                         PID    Runtime      # DAGs    # Errors  Last Runtime    Last Run               Last # of DB Queries
--------------------------------  -----  ---------  --------  ----------  --------------  -------------------  ----------------------
/opt/airflow/dags/welcome_dag.py                           1           0  0.61s           2025-03-08T14:27:00                      12
================================================================================
[2025-03-08T14:27:51.911+0000] {manager.py:997} INFO - 
================================================================================
DAG File Processing Stats

File Path                         PID    Runtime      # DAGs    # Errors  Last Runtime    Last Run               Last # of DB Queries
--------------------------------  -----  ---------  --------  ----------  --------------  -------------------  ----------------------
/opt/airflow/dags/welcome_dag.py                           1           0  0.71s           2025-03-08T14:27:33                      12
================================================================================
[2025-03-08T14:28:25.447+0000] {manager.py:997} INFO - 
================================================================================
DAG File Processing Stats

File Path                         PID    Runtime      # DAGs    # Errors  Last Runtime    Last Run               Last # of DB Queries
--------------------------------  -----  ---------  --------  ----------  --------------  -------------------  ----------------------
/opt/airflow/dags/welcome_dag.py                           1           0  0.71s           2025-03-08T14:28:06                      12
================================================================================
[2025-03-08T14:28:58.170+0000] {manager.py:997} INFO - 
================================================================================
DAG File Processing Stats

File Path                         PID    Runtime      # DAGs    # Errors  Last Runtime    Last Run               Last # of DB Queries
--------------------------------  -----  ---------  --------  ----------  --------------  -------------------  ----------------------
/opt/airflow/dags/welcome_dag.py                           1           0  0.72s           2025-03-08T14:28:38                      12
================================================================================
[2025-03-08T14:29:31.985+0000] {manager.py:997} INFO - 
================================================================================
DAG File Processing Stats

File Path                         PID    Runtime      # DAGs    # Errors  Last Runtime    Last Run               Last # of DB Queries
--------------------------------  -----  ---------  --------  ----------  --------------  -------------------  ----------------------
/opt/airflow/dags/welcome_dag.py                           1           0  0.71s           2025-03-08T14:29:10                      12
================================================================================
[2025-03-08T14:30:05.534+0000] {manager.py:997} INFO - 
================================================================================
DAG File Processing Stats

File Path                         PID    Runtime      # DAGs    # Errors  Last Runtime    Last Run               Last # of DB Queries
--------------------------------  -----  ---------  --------  ----------  --------------  -------------------  ----------------------
/opt/airflow/dags/welcome_dag.py                           1           0  0.81s           2025-03-08T14:29:43                      12
================================================================================
[2025-03-08T14:30:39.209+0000] {manager.py:997} INFO - 
================================================================================
DAG File Processing Stats

File Path                         PID    Runtime      # DAGs    # Errors  Last Runtime    Last Run               Last # of DB Queries
--------------------------------  -----  ---------  --------  ----------  --------------  -------------------  ----------------------
/opt/airflow/dags/welcome_dag.py                           1           0  0.51s           2025-03-08T14:30:16                      12
================================================================================
[2025-03-08T14:30:48.755+0000] {manager.py:821} INFO - Searching for files in /opt/airflow/dags
[2025-03-08T14:30:48.914+0000] {manager.py:824} INFO - There are 1 files in /opt/airflow/dags
[2025-03-08T14:31:12.646+0000] {manager.py:997} INFO - 
================================================================================
DAG File Processing Stats

File Path                         PID    Runtime      # DAGs    # Errors  Last Runtime    Last Run               Last # of DB Queries
--------------------------------  -----  ---------  --------  ----------  --------------  -------------------  ----------------------
/opt/airflow/dags/welcome_dag.py                           1           0  0.71s           2025-03-08T14:30:49                      12
================================================================================
[2025-03-08T14:31:45.653+0000] {manager.py:997} INFO - 
================================================================================
DAG File Processing Stats

File Path                         PID    Runtime      # DAGs    # Errors  Last Runtime    Last Run               Last # of DB Queries
--------------------------------  -----  ---------  --------  ----------  --------------  -------------------  ----------------------
/opt/airflow/dags/welcome_dag.py                           1           0  0.72s           2025-03-08T14:31:23                      12
================================================================================
[2025-03-08T14:32:19.455+0000] {manager.py:997} INFO - 
================================================================================
DAG File Processing Stats

File Path                         PID    Runtime      # DAGs    # Errors  Last Runtime    Last Run               Last # of DB Queries
--------------------------------  -----  ---------  --------  ----------  --------------  -------------------  ----------------------
/opt/airflow/dags/welcome_dag.py                           1           0  0.71s           2025-03-08T14:31:55                      12
================================================================================
[2025-03-08T14:32:52.439+0000] {manager.py:997} INFO - 
================================================================================
DAG File Processing Stats

File Path                         PID    Runtime      # DAGs    # Errors  Last Runtime    Last Run               Last # of DB Queries
--------------------------------  -----  ---------  --------  ----------  --------------  -------------------  ----------------------
/opt/airflow/dags/welcome_dag.py                           1           0  2.16s           2025-03-08T14:32:29                      12
================================================================================
[2025-03-08T14:33:25.912+0000] {manager.py:997} INFO - 
================================================================================
DAG File Processing Stats

File Path                         PID    Runtime      # DAGs    # Errors  Last Runtime    Last Run               Last # of DB Queries
--------------------------------  -----  ---------  --------  ----------  --------------  -------------------  ----------------------
/opt/airflow/dags/welcome_dag.py                           1           0  0.61s           2025-03-08T14:33:00                      12
================================================================================
[2025-03-08T14:33:59.703+0000] {manager.py:997} INFO - 
================================================================================
DAG File Processing Stats

File Path                         PID    Runtime      # DAGs    # Errors  Last Runtime    Last Run               Last # of DB Queries
--------------------------------  -----  ---------  --------  ----------  --------------  -------------------  ----------------------
/opt/airflow/dags/welcome_dag.py                           1           0  0.62s           2025-03-08T14:33:33                      12
================================================================================
[2025-03-08T14:34:32.975+0000] {manager.py:997} INFO - 
================================================================================
DAG File Processing Stats

File Path                         PID    Runtime      # DAGs    # Errors  Last Runtime    Last Run               Last # of DB Queries
--------------------------------  -----  ---------  --------  ----------  --------------  -------------------  ----------------------
/opt/airflow/dags/welcome_dag.py                           1           0  0.62s           2025-03-08T14:34:06                      12
================================================================================
[2025-03-08T14:35:06.612+0000] {manager.py:997} INFO - 
================================================================================
DAG File Processing Stats

File Path                         PID    Runtime      # DAGs    # Errors  Last Runtime    Last Run               Last # of DB Queries
--------------------------------  -----  ---------  --------  ----------  --------------  -------------------  ----------------------
/opt/airflow/dags/welcome_dag.py                           1           0  0.71s           2025-03-08T14:34:38                      12
================================================================================
[2025-03-08T14:35:43.879+0000] {manager.py:997} INFO - 
================================================================================
DAG File Processing Stats

File Path                         PID    Runtime      # DAGs    # Errors  Last Runtime    Last Run               Last # of DB Queries
--------------------------------  -----  ---------  --------  ----------  --------------  -------------------  ----------------------
/opt/airflow/dags/welcome_dag.py                           1           0  0.72s           2025-03-08T14:35:43                      12
================================================================================
[2025-03-08T14:35:49.975+0000] {manager.py:821} INFO - Searching for files in /opt/airflow/dags
[2025-03-08T14:35:50.127+0000] {manager.py:824} INFO - There are 1 files in /opt/airflow/dags
[2025-03-08T14:36:17.369+0000] {manager.py:997} INFO - 
================================================================================
DAG File Processing Stats

File Path                         PID    Runtime      # DAGs    # Errors  Last Runtime    Last Run               Last # of DB Queries
--------------------------------  -----  ---------  --------  ----------  --------------  -------------------  ----------------------
/opt/airflow/dags/welcome_dag.py                           1           0  0.82s           2025-03-08T14:36:17                      12
================================================================================
[2025-03-08T14:36:52.000+0000] {manager.py:997} INFO - 
================================================================================
DAG File Processing Stats

File Path                         PID    Runtime      # DAGs    # Errors  Last Runtime    Last Run               Last # of DB Queries
--------------------------------  -----  ---------  --------  ----------  --------------  -------------------  ----------------------
/opt/airflow/dags/welcome_dag.py                           1           0  0.91s           2025-03-08T14:36:50                      12
================================================================================
[2025-03-08T14:37:25.909+0000] {manager.py:997} INFO - 
================================================================================
DAG File Processing Stats

File Path                         PID    Runtime      # DAGs    # Errors  Last Runtime    Last Run               Last # of DB Queries
--------------------------------  -----  ---------  --------  ----------  --------------  -------------------  ----------------------
/opt/airflow/dags/welcome_dag.py                           1           0  0.71s           2025-03-08T14:37:24                      12
================================================================================
[2025-03-08T14:37:59.730+0000] {manager.py:997} INFO - 
================================================================================
DAG File Processing Stats

File Path                         PID    Runtime      # DAGs    # Errors  Last Runtime    Last Run               Last # of DB Queries
--------------------------------  -----  ---------  --------  ----------  --------------  -------------------  ----------------------
/opt/airflow/dags/welcome_dag.py                           1           0  0.81s           2025-03-08T14:37:57                      12
================================================================================
[2025-03-08T14:38:33.209+0000] {manager.py:997} INFO - 
================================================================================
DAG File Processing Stats

File Path                         PID    Runtime      # DAGs    # Errors  Last Runtime    Last Run               Last # of DB Queries
--------------------------------  -----  ---------  --------  ----------  --------------  -------------------  ----------------------
/opt/airflow/dags/welcome_dag.py                           1           0  0.81s           2025-03-08T14:38:30                      12
================================================================================
[2025-03-08T14:39:06.602+0000] {manager.py:997} INFO - 
================================================================================
DAG File Processing Stats

File Path                         PID    Runtime      # DAGs    # Errors  Last Runtime    Last Run               Last # of DB Queries
--------------------------------  -----  ---------  --------  ----------  --------------  -------------------  ----------------------
/opt/airflow/dags/welcome_dag.py                           1           0  0.71s           2025-03-08T14:39:04                      12
================================================================================
