[2025-03-08T15:26:34.561+0000] {processor.py:186} INFO - Started process (PID=68) to work on /opt/airflow/dags/mlops_pipeline.py
[2025-03-08T15:26:34.562+0000] {processor.py:914} INFO - Processing file /opt/airflow/dags/mlops_pipeline.py for tasks to queue
[2025-03-08T15:26:34.566+0000] {logging_mixin.py:190} INFO - [2025-03-08T15:26:34.565+0000] {dagbag.py:588} INFO - Filling up the DagBag from /opt/airflow/dags/mlops_pipeline.py
[2025-03-08T15:26:34.634+0000] {processor.py:925} INFO - DAG(s) 'welcome_dag' retrieved from /opt/airflow/dags/mlops_pipeline.py
[2025-03-08T15:26:34.796+0000] {logging_mixin.py:190} INFO - [2025-03-08T15:26:34.796+0000] {dag.py:3239} INFO - Sync 1 DAGs
[2025-03-08T15:26:34.827+0000] {logging_mixin.py:190} INFO - [2025-03-08T15:26:34.827+0000] {dag.py:4180} INFO - Setting next_dagrun for welcome_dag to 2025-03-07 23:00:00+00:00, run_after=2025-03-08 23:00:00+00:00
[2025-03-08T15:26:34.918+0000] {processor.py:208} INFO - Processing /opt/airflow/dags/mlops_pipeline.py took 0.368 seconds
[2025-03-08T15:27:05.322+0000] {processor.py:186} INFO - Started process (PID=94) to work on /opt/airflow/dags/mlops_pipeline.py
[2025-03-08T15:27:05.324+0000] {processor.py:914} INFO - Processing file /opt/airflow/dags/mlops_pipeline.py for tasks to queue
[2025-03-08T15:27:05.328+0000] {logging_mixin.py:190} INFO - [2025-03-08T15:27:05.327+0000] {dagbag.py:588} INFO - Filling up the DagBag from /opt/airflow/dags/mlops_pipeline.py
[2025-03-08T15:27:05.366+0000] {processor.py:925} INFO - DAG(s) 'welcome_dag' retrieved from /opt/airflow/dags/mlops_pipeline.py
[2025-03-08T15:27:05.409+0000] {logging_mixin.py:190} INFO - [2025-03-08T15:27:05.408+0000] {dag.py:3239} INFO - Sync 1 DAGs
[2025-03-08T15:27:05.446+0000] {logging_mixin.py:190} INFO - [2025-03-08T15:27:05.446+0000] {dag.py:4180} INFO - Setting next_dagrun for welcome_dag to 2025-03-07 23:00:00+00:00, run_after=2025-03-08 23:00:00+00:00
[2025-03-08T15:27:05.540+0000] {processor.py:208} INFO - Processing /opt/airflow/dags/mlops_pipeline.py took 0.226 seconds
[2025-03-08T15:27:27.531+0000] {processor.py:186} INFO - Started process (PID=68) to work on /opt/airflow/dags/mlops_pipeline.py
[2025-03-08T15:27:27.532+0000] {processor.py:914} INFO - Processing file /opt/airflow/dags/mlops_pipeline.py for tasks to queue
[2025-03-08T15:27:27.536+0000] {logging_mixin.py:190} INFO - [2025-03-08T15:27:27.535+0000] {dagbag.py:588} INFO - Filling up the DagBag from /opt/airflow/dags/mlops_pipeline.py
[2025-03-08T15:27:27.566+0000] {processor.py:925} INFO - DAG(s) 'welcome_dag' retrieved from /opt/airflow/dags/mlops_pipeline.py
[2025-03-08T15:27:27.590+0000] {logging_mixin.py:190} INFO - [2025-03-08T15:27:27.590+0000] {dag.py:3239} INFO - Sync 1 DAGs
[2025-03-08T15:27:27.637+0000] {logging_mixin.py:190} INFO - [2025-03-08T15:27:27.637+0000] {dag.py:4180} INFO - Setting next_dagrun for welcome_dag to 2025-03-07 23:00:00+00:00, run_after=2025-03-08 23:00:00+00:00
[2025-03-08T15:27:27.695+0000] {processor.py:208} INFO - Processing /opt/airflow/dags/mlops_pipeline.py took 0.172 seconds
[2025-03-08T15:27:58.210+0000] {processor.py:186} INFO - Started process (PID=94) to work on /opt/airflow/dags/mlops_pipeline.py
[2025-03-08T15:27:58.212+0000] {processor.py:914} INFO - Processing file /opt/airflow/dags/mlops_pipeline.py for tasks to queue
[2025-03-08T15:27:58.216+0000] {logging_mixin.py:190} INFO - [2025-03-08T15:27:58.216+0000] {dagbag.py:588} INFO - Filling up the DagBag from /opt/airflow/dags/mlops_pipeline.py
[2025-03-08T15:27:58.251+0000] {processor.py:925} INFO - DAG(s) 'welcome_dag' retrieved from /opt/airflow/dags/mlops_pipeline.py
[2025-03-08T15:27:58.399+0000] {logging_mixin.py:190} INFO - [2025-03-08T15:27:58.399+0000] {dag.py:3239} INFO - Sync 1 DAGs
[2025-03-08T15:27:58.426+0000] {logging_mixin.py:190} INFO - [2025-03-08T15:27:58.426+0000] {dag.py:4180} INFO - Setting next_dagrun for welcome_dag to 2025-03-07 23:00:00+00:00, run_after=2025-03-08 23:00:00+00:00
[2025-03-08T15:27:58.495+0000] {processor.py:208} INFO - Processing /opt/airflow/dags/mlops_pipeline.py took 0.293 seconds
[2025-03-08T15:28:08.418+0000] {processor.py:186} INFO - Started process (PID=96) to work on /opt/airflow/dags/mlops_pipeline.py
[2025-03-08T15:28:08.419+0000] {processor.py:914} INFO - Processing file /opt/airflow/dags/mlops_pipeline.py for tasks to queue
[2025-03-08T15:28:08.422+0000] {logging_mixin.py:190} INFO - [2025-03-08T15:28:08.421+0000] {dagbag.py:588} INFO - Filling up the DagBag from /opt/airflow/dags/mlops_pipeline.py
[2025-03-08T15:28:10.943+0000] {logging_mixin.py:190} INFO - [2025-03-08T15:28:10.936+0000] {dagbag.py:387} ERROR - Failed to import: /opt/airflow/dags/mlops_pipeline.py
Traceback (most recent call last):
  File "/home/airflow/.local/lib/python3.11/site-packages/airflow/models/dagbag.py", line 383, in parse
    loader.exec_module(new_module)
  File "<frozen importlib._bootstrap_external>", line 940, in exec_module
  File "<frozen importlib._bootstrap>", line 241, in _call_with_frames_removed
  File "/opt/airflow/dags/mlops_pipeline.py", line 38, in <module>
    default_args={'start_date': days_ago(1)},
                                ^^^^^^^^
NameError: name 'days_ago' is not defined
[2025-03-08T15:28:10.945+0000] {processor.py:927} WARNING - No viable dags retrieved from /opt/airflow/dags/mlops_pipeline.py
[2025-03-08T15:28:10.981+0000] {processor.py:208} INFO - Processing /opt/airflow/dags/mlops_pipeline.py took 2.568 seconds
[2025-03-08T15:28:31.465+0000] {processor.py:186} INFO - Started process (PID=110) to work on /opt/airflow/dags/mlops_pipeline.py
[2025-03-08T15:28:31.466+0000] {processor.py:914} INFO - Processing file /opt/airflow/dags/mlops_pipeline.py for tasks to queue
[2025-03-08T15:28:31.468+0000] {logging_mixin.py:190} INFO - [2025-03-08T15:28:31.468+0000] {dagbag.py:588} INFO - Filling up the DagBag from /opt/airflow/dags/mlops_pipeline.py
[2025-03-08T15:28:32.463+0000] {logging_mixin.py:190} INFO - [2025-03-08T15:28:32.456+0000] {dagbag.py:387} ERROR - Failed to import: /opt/airflow/dags/mlops_pipeline.py
Traceback (most recent call last):
  File "/home/airflow/.local/lib/python3.11/site-packages/airflow/models/dagbag.py", line 383, in parse
    loader.exec_module(new_module)
  File "<frozen importlib._bootstrap_external>", line 940, in exec_module
  File "<frozen importlib._bootstrap>", line 241, in _call_with_frames_removed
  File "/opt/airflow/dags/mlops_pipeline.py", line 44, in <module>
    default_args={'start_date': days_ago(1)},
                                ^^^^^^^^
NameError: name 'days_ago' is not defined
[2025-03-08T15:28:32.466+0000] {processor.py:927} WARNING - No viable dags retrieved from /opt/airflow/dags/mlops_pipeline.py
[2025-03-08T15:28:32.499+0000] {processor.py:208} INFO - Processing /opt/airflow/dags/mlops_pipeline.py took 1.040 seconds
[2025-03-08T15:28:50.387+0000] {processor.py:186} INFO - Started process (PID=123) to work on /opt/airflow/dags/mlops_pipeline.py
[2025-03-08T15:28:50.388+0000] {processor.py:914} INFO - Processing file /opt/airflow/dags/mlops_pipeline.py for tasks to queue
[2025-03-08T15:28:50.390+0000] {logging_mixin.py:190} INFO - [2025-03-08T15:28:50.390+0000] {dagbag.py:588} INFO - Filling up the DagBag from /opt/airflow/dags/mlops_pipeline.py
[2025-03-08T15:28:51.576+0000] {logging_mixin.py:190} INFO - [2025-03-08T15:28:51.569+0000] {dagbag.py:387} ERROR - Failed to import: /opt/airflow/dags/mlops_pipeline.py
Traceback (most recent call last):
  File "/home/airflow/.local/lib/python3.11/site-packages/airflow/models/dagbag.py", line 383, in parse
    loader.exec_module(new_module)
  File "<frozen importlib._bootstrap_external>", line 940, in exec_module
  File "<frozen importlib._bootstrap>", line 241, in _call_with_frames_removed
  File "/opt/airflow/dags/mlops_pipeline.py", line 44, in <module>
    default_args={'start_date': days_ago(1)},
                                ^^^^^^^^
NameError: name 'days_ago' is not defined
[2025-03-08T15:28:51.578+0000] {processor.py:927} WARNING - No viable dags retrieved from /opt/airflow/dags/mlops_pipeline.py
[2025-03-08T15:28:51.617+0000] {processor.py:208} INFO - Processing /opt/airflow/dags/mlops_pipeline.py took 1.236 seconds
[2025-03-08T15:29:19.457+0000] {processor.py:186} INFO - Started process (PID=137) to work on /opt/airflow/dags/mlops_pipeline.py
[2025-03-08T15:29:19.458+0000] {processor.py:914} INFO - Processing file /opt/airflow/dags/mlops_pipeline.py for tasks to queue
[2025-03-08T15:29:19.461+0000] {logging_mixin.py:190} INFO - [2025-03-08T15:29:19.460+0000] {dagbag.py:588} INFO - Filling up the DagBag from /opt/airflow/dags/mlops_pipeline.py
[2025-03-08T15:29:20.582+0000] {logging_mixin.py:190} INFO - [2025-03-08T15:29:20.575+0000] {dagbag.py:387} ERROR - Failed to import: /opt/airflow/dags/mlops_pipeline.py
Traceback (most recent call last):
  File "/home/airflow/.local/lib/python3.11/site-packages/airflow/models/dagbag.py", line 383, in parse
    loader.exec_module(new_module)
  File "<frozen importlib._bootstrap_external>", line 940, in exec_module
  File "<frozen importlib._bootstrap>", line 241, in _call_with_frames_removed
  File "/opt/airflow/dags/mlops_pipeline.py", line 42, in <module>
    default_args={'start_date': days_ago(1)},
                                ^^^^^^^^
NameError: name 'days_ago' is not defined
[2025-03-08T15:29:20.584+0000] {processor.py:927} WARNING - No viable dags retrieved from /opt/airflow/dags/mlops_pipeline.py
[2025-03-08T15:29:20.623+0000] {processor.py:208} INFO - Processing /opt/airflow/dags/mlops_pipeline.py took 1.171 seconds
[2025-03-08T15:29:36.517+0000] {processor.py:186} INFO - Started process (PID=150) to work on /opt/airflow/dags/mlops_pipeline.py
[2025-03-08T15:29:36.518+0000] {processor.py:914} INFO - Processing file /opt/airflow/dags/mlops_pipeline.py for tasks to queue
[2025-03-08T15:29:36.521+0000] {logging_mixin.py:190} INFO - [2025-03-08T15:29:36.520+0000] {dagbag.py:588} INFO - Filling up the DagBag from /opt/airflow/dags/mlops_pipeline.py
[2025-03-08T15:29:36.548+0000] {logging_mixin.py:190} INFO - [2025-03-08T15:29:36.547+0000] {dagbag.py:387} ERROR - Failed to import: /opt/airflow/dags/mlops_pipeline.py
Traceback (most recent call last):
  File "/home/airflow/.local/lib/python3.11/site-packages/airflow/models/dagbag.py", line 383, in parse
    loader.exec_module(new_module)
  File "<frozen importlib._bootstrap_external>", line 936, in exec_module
  File "<frozen importlib._bootstrap_external>", line 1074, in get_code
  File "<frozen importlib._bootstrap_external>", line 1004, in source_to_code
  File "<frozen importlib._bootstrap>", line 241, in _call_with_frames_removed
  File "/opt/airflow/dags/mlops_pipeline.py", line 23
    print("Data successfully ingested!")=
    ^^^^^^^^^^^^^^^^^^^^^^^^^^^^^^^^^^^^
SyntaxError: cannot assign to function call
[2025-03-08T15:29:36.549+0000] {processor.py:927} WARNING - No viable dags retrieved from /opt/airflow/dags/mlops_pipeline.py
[2025-03-08T15:29:36.592+0000] {processor.py:208} INFO - Processing /opt/airflow/dags/mlops_pipeline.py took 0.081 seconds
[2025-03-08T15:30:10.453+0000] {processor.py:186} INFO - Started process (PID=152) to work on /opt/airflow/dags/mlops_pipeline.py
[2025-03-08T15:30:10.454+0000] {processor.py:914} INFO - Processing file /opt/airflow/dags/mlops_pipeline.py for tasks to queue
[2025-03-08T15:30:10.457+0000] {logging_mixin.py:190} INFO - [2025-03-08T15:30:10.457+0000] {dagbag.py:588} INFO - Filling up the DagBag from /opt/airflow/dags/mlops_pipeline.py
[2025-03-08T15:30:11.543+0000] {logging_mixin.py:190} INFO - [2025-03-08T15:30:11.536+0000] {dagbag.py:387} ERROR - Failed to import: /opt/airflow/dags/mlops_pipeline.py
Traceback (most recent call last):
  File "/home/airflow/.local/lib/python3.11/site-packages/airflow/models/dagbag.py", line 383, in parse
    loader.exec_module(new_module)
  File "<frozen importlib._bootstrap_external>", line 940, in exec_module
  File "<frozen importlib._bootstrap>", line 241, in _call_with_frames_removed
  File "/opt/airflow/dags/mlops_pipeline.py", line 46, in <module>
    default_args={'start_date': days_ago(1)},
                                ^^^^^^^^
NameError: name 'days_ago' is not defined
[2025-03-08T15:30:11.544+0000] {processor.py:927} WARNING - No viable dags retrieved from /opt/airflow/dags/mlops_pipeline.py
[2025-03-08T15:30:11.583+0000] {processor.py:208} INFO - Processing /opt/airflow/dags/mlops_pipeline.py took 1.138 seconds
[2025-03-08T15:30:21.761+0000] {processor.py:186} INFO - Started process (PID=166) to work on /opt/airflow/dags/mlops_pipeline.py
[2025-03-08T15:30:21.763+0000] {processor.py:914} INFO - Processing file /opt/airflow/dags/mlops_pipeline.py for tasks to queue
[2025-03-08T15:30:21.766+0000] {logging_mixin.py:190} INFO - [2025-03-08T15:30:21.765+0000] {dagbag.py:588} INFO - Filling up the DagBag from /opt/airflow/dags/mlops_pipeline.py
[2025-03-08T15:30:22.870+0000] {logging_mixin.py:190} INFO - [2025-03-08T15:30:22.864+0000] {dagbag.py:387} ERROR - Failed to import: /opt/airflow/dags/mlops_pipeline.py
Traceback (most recent call last):
  File "/home/airflow/.local/lib/python3.11/site-packages/airflow/models/dagbag.py", line 383, in parse
    loader.exec_module(new_module)
  File "<frozen importlib._bootstrap_external>", line 940, in exec_module
  File "<frozen importlib._bootstrap>", line 241, in _call_with_frames_removed
  File "/opt/airflow/dags/mlops_pipeline.py", line 46, in <module>
    default_args={'start_date': days_ago(1)},
                                ^^^^^^^^
NameError: name 'days_ago' is not defined
[2025-03-08T15:30:22.871+0000] {processor.py:927} WARNING - No viable dags retrieved from /opt/airflow/dags/mlops_pipeline.py
[2025-03-08T15:30:22.904+0000] {processor.py:208} INFO - Processing /opt/airflow/dags/mlops_pipeline.py took 1.148 seconds
[2025-03-08T15:30:53.679+0000] {processor.py:186} INFO - Started process (PID=180) to work on /opt/airflow/dags/mlops_pipeline.py
[2025-03-08T15:30:53.680+0000] {processor.py:914} INFO - Processing file /opt/airflow/dags/mlops_pipeline.py for tasks to queue
[2025-03-08T15:30:53.682+0000] {logging_mixin.py:190} INFO - [2025-03-08T15:30:53.682+0000] {dagbag.py:588} INFO - Filling up the DagBag from /opt/airflow/dags/mlops_pipeline.py
[2025-03-08T15:30:54.715+0000] {logging_mixin.py:190} INFO - [2025-03-08T15:30:54.709+0000] {dagbag.py:387} ERROR - Failed to import: /opt/airflow/dags/mlops_pipeline.py
Traceback (most recent call last):
  File "/home/airflow/.local/lib/python3.11/site-packages/airflow/models/dagbag.py", line 383, in parse
    loader.exec_module(new_module)
  File "<frozen importlib._bootstrap_external>", line 940, in exec_module
  File "<frozen importlib._bootstrap>", line 241, in _call_with_frames_removed
  File "/opt/airflow/dags/mlops_pipeline.py", line 46, in <module>
    default_args={'start_date': days_ago(1)},
                                ^^^^^^^^
NameError: name 'days_ago' is not defined
[2025-03-08T15:30:54.717+0000] {processor.py:927} WARNING - No viable dags retrieved from /opt/airflow/dags/mlops_pipeline.py
[2025-03-08T15:30:54.753+0000] {processor.py:208} INFO - Processing /opt/airflow/dags/mlops_pipeline.py took 1.081 seconds
[2025-03-08T15:31:25.116+0000] {processor.py:186} INFO - Started process (PID=194) to work on /opt/airflow/dags/mlops_pipeline.py
[2025-03-08T15:31:25.117+0000] {processor.py:914} INFO - Processing file /opt/airflow/dags/mlops_pipeline.py for tasks to queue
[2025-03-08T15:31:25.120+0000] {logging_mixin.py:190} INFO - [2025-03-08T15:31:25.119+0000] {dagbag.py:588} INFO - Filling up the DagBag from /opt/airflow/dags/mlops_pipeline.py
[2025-03-08T15:31:26.301+0000] {logging_mixin.py:190} INFO - [2025-03-08T15:31:26.294+0000] {dagbag.py:387} ERROR - Failed to import: /opt/airflow/dags/mlops_pipeline.py
Traceback (most recent call last):
  File "/home/airflow/.local/lib/python3.11/site-packages/airflow/models/dagbag.py", line 383, in parse
    loader.exec_module(new_module)
  File "<frozen importlib._bootstrap_external>", line 940, in exec_module
  File "<frozen importlib._bootstrap>", line 241, in _call_with_frames_removed
  File "/opt/airflow/dags/mlops_pipeline.py", line 56, in <module>
    python_callable=print_welcome,
                    ^^^^^^^^^^^^^
NameError: name 'print_welcome' is not defined
[2025-03-08T15:31:26.303+0000] {processor.py:927} WARNING - No viable dags retrieved from /opt/airflow/dags/mlops_pipeline.py
[2025-03-08T15:31:26.341+0000] {processor.py:208} INFO - Processing /opt/airflow/dags/mlops_pipeline.py took 1.230 seconds
[2025-03-08T15:31:35.223+0000] {processor.py:186} INFO - Started process (PID=207) to work on /opt/airflow/dags/mlops_pipeline.py
[2025-03-08T15:31:35.224+0000] {processor.py:914} INFO - Processing file /opt/airflow/dags/mlops_pipeline.py for tasks to queue
[2025-03-08T15:31:35.227+0000] {logging_mixin.py:190} INFO - [2025-03-08T15:31:35.226+0000] {dagbag.py:588} INFO - Filling up the DagBag from /opt/airflow/dags/mlops_pipeline.py
[2025-03-08T15:31:36.275+0000] {logging_mixin.py:190} INFO - [2025-03-08T15:31:36.270+0000] {dagbag.py:387} ERROR - Failed to import: /opt/airflow/dags/mlops_pipeline.py
Traceback (most recent call last):
  File "/home/airflow/.local/lib/python3.11/site-packages/airflow/models/dagbag.py", line 383, in parse
    loader.exec_module(new_module)
  File "<frozen importlib._bootstrap_external>", line 940, in exec_module
  File "<frozen importlib._bootstrap>", line 241, in _call_with_frames_removed
  File "/opt/airflow/dags/mlops_pipeline.py", line 56, in <module>
    python_callable=print_welcome,
                    ^^^^^^^^^^^^^
NameError: name 'print_welcome' is not defined
[2025-03-08T15:31:36.278+0000] {processor.py:927} WARNING - No viable dags retrieved from /opt/airflow/dags/mlops_pipeline.py
[2025-03-08T15:31:36.314+0000] {processor.py:208} INFO - Processing /opt/airflow/dags/mlops_pipeline.py took 1.098 seconds
[2025-03-08T15:31:52.711+0000] {processor.py:186} INFO - Started process (PID=221) to work on /opt/airflow/dags/mlops_pipeline.py
[2025-03-08T15:31:52.712+0000] {processor.py:914} INFO - Processing file /opt/airflow/dags/mlops_pipeline.py for tasks to queue
[2025-03-08T15:31:52.714+0000] {logging_mixin.py:190} INFO - [2025-03-08T15:31:52.714+0000] {dagbag.py:588} INFO - Filling up the DagBag from /opt/airflow/dags/mlops_pipeline.py
[2025-03-08T15:31:53.781+0000] {logging_mixin.py:190} INFO - [2025-03-08T15:31:53.775+0000] {dagbag.py:387} ERROR - Failed to import: /opt/airflow/dags/mlops_pipeline.py
Traceback (most recent call last):
  File "/home/airflow/.local/lib/python3.11/site-packages/airflow/models/dagbag.py", line 383, in parse
    loader.exec_module(new_module)
  File "<frozen importlib._bootstrap_external>", line 940, in exec_module
  File "<frozen importlib._bootstrap>", line 241, in _call_with_frames_removed
  File "/opt/airflow/dags/mlops_pipeline.py", line 66, in <module>
    print_welcome_task >> print_date_task >> print_random_quote
                          ^^^^^^^^^^^^^^^
NameError: name 'print_date_task' is not defined
[2025-03-08T15:31:53.783+0000] {processor.py:927} WARNING - No viable dags retrieved from /opt/airflow/dags/mlops_pipeline.py
[2025-03-08T15:31:53.819+0000] {processor.py:208} INFO - Processing /opt/airflow/dags/mlops_pipeline.py took 1.113 seconds
[2025-03-08T15:32:08.904+0000] {processor.py:186} INFO - Started process (PID=234) to work on /opt/airflow/dags/mlops_pipeline.py
[2025-03-08T15:32:08.905+0000] {processor.py:914} INFO - Processing file /opt/airflow/dags/mlops_pipeline.py for tasks to queue
[2025-03-08T15:32:08.907+0000] {logging_mixin.py:190} INFO - [2025-03-08T15:32:08.907+0000] {dagbag.py:588} INFO - Filling up the DagBag from /opt/airflow/dags/mlops_pipeline.py
[2025-03-08T15:32:10.001+0000] {logging_mixin.py:190} INFO - [2025-03-08T15:32:09.995+0000] {dagbag.py:387} ERROR - Failed to import: /opt/airflow/dags/mlops_pipeline.py
Traceback (most recent call last):
  File "/home/airflow/.local/lib/python3.11/site-packages/airflow/models/dagbag.py", line 383, in parse
    loader.exec_module(new_module)
  File "<frozen importlib._bootstrap_external>", line 940, in exec_module
  File "<frozen importlib._bootstrap>", line 241, in _call_with_frames_removed
  File "/opt/airflow/dags/mlops_pipeline.py", line 66, in <module>
    print_welcome_task >> print_date_task >> print_random_quote
    ^^^^^^^^^^^^^^^^^^
NameError: name 'print_welcome_task' is not defined
[2025-03-08T15:32:10.003+0000] {processor.py:927} WARNING - No viable dags retrieved from /opt/airflow/dags/mlops_pipeline.py
[2025-03-08T15:32:10.042+0000] {processor.py:208} INFO - Processing /opt/airflow/dags/mlops_pipeline.py took 1.144 seconds
[2025-03-08T15:32:40.363+0000] {processor.py:186} INFO - Started process (PID=248) to work on /opt/airflow/dags/mlops_pipeline.py
[2025-03-08T15:32:40.364+0000] {processor.py:914} INFO - Processing file /opt/airflow/dags/mlops_pipeline.py for tasks to queue
[2025-03-08T15:32:40.366+0000] {logging_mixin.py:190} INFO - [2025-03-08T15:32:40.366+0000] {dagbag.py:588} INFO - Filling up the DagBag from /opt/airflow/dags/mlops_pipeline.py
[2025-03-08T15:32:41.371+0000] {logging_mixin.py:190} INFO - [2025-03-08T15:32:41.365+0000] {dagbag.py:387} ERROR - Failed to import: /opt/airflow/dags/mlops_pipeline.py
Traceback (most recent call last):
  File "/home/airflow/.local/lib/python3.11/site-packages/airflow/models/dagbag.py", line 383, in parse
    loader.exec_module(new_module)
  File "<frozen importlib._bootstrap_external>", line 940, in exec_module
  File "<frozen importlib._bootstrap>", line 241, in _call_with_frames_removed
  File "/opt/airflow/dags/mlops_pipeline.py", line 66, in <module>
    print_ingest_data >> print_date_task >> print_random_quote
                         ^^^^^^^^^^^^^^^
NameError: name 'print_date_task' is not defined
[2025-03-08T15:32:41.373+0000] {processor.py:927} WARNING - No viable dags retrieved from /opt/airflow/dags/mlops_pipeline.py
[2025-03-08T15:32:41.411+0000] {processor.py:208} INFO - Processing /opt/airflow/dags/mlops_pipeline.py took 1.053 seconds
[2025-03-08T15:32:48.310+0000] {processor.py:186} INFO - Started process (PID=261) to work on /opt/airflow/dags/mlops_pipeline.py
[2025-03-08T15:32:48.311+0000] {processor.py:914} INFO - Processing file /opt/airflow/dags/mlops_pipeline.py for tasks to queue
[2025-03-08T15:32:48.314+0000] {logging_mixin.py:190} INFO - [2025-03-08T15:32:48.313+0000] {dagbag.py:588} INFO - Filling up the DagBag from /opt/airflow/dags/mlops_pipeline.py
[2025-03-08T15:32:49.457+0000] {processor.py:925} INFO - DAG(s) 'mlops_pipeline' retrieved from /opt/airflow/dags/mlops_pipeline.py
[2025-03-08T15:32:49.633+0000] {logging_mixin.py:190} INFO - [2025-03-08T15:32:49.632+0000] {override.py:1930} INFO - Created Permission View: can edit on DAG:mlops_pipeline
[2025-03-08T15:32:49.676+0000] {logging_mixin.py:190} INFO - [2025-03-08T15:32:49.675+0000] {override.py:1930} INFO - Created Permission View: can read on DAG:mlops_pipeline
[2025-03-08T15:32:49.717+0000] {logging_mixin.py:190} INFO - [2025-03-08T15:32:49.716+0000] {override.py:1930} INFO - Created Permission View: can delete on DAG:mlops_pipeline
[2025-03-08T15:32:49.781+0000] {logging_mixin.py:190} INFO - [2025-03-08T15:32:49.780+0000] {override.py:1930} INFO - Created Permission View: can read on DAG Run:mlops_pipeline
[2025-03-08T15:32:49.814+0000] {logging_mixin.py:190} INFO - [2025-03-08T15:32:49.813+0000] {override.py:1930} INFO - Created Permission View: can create on DAG Run:mlops_pipeline
[2025-03-08T15:32:49.847+0000] {logging_mixin.py:190} INFO - [2025-03-08T15:32:49.847+0000] {override.py:1930} INFO - Created Permission View: can delete on DAG Run:mlops_pipeline
[2025-03-08T15:32:49.886+0000] {logging_mixin.py:190} INFO - [2025-03-08T15:32:49.885+0000] {override.py:1930} INFO - Created Permission View: menu access on DAG Run:mlops_pipeline
[2025-03-08T15:32:49.886+0000] {logging_mixin.py:190} INFO - [2025-03-08T15:32:49.886+0000] {dag.py:3239} INFO - Sync 1 DAGs
[2025-03-08T15:32:49.907+0000] {logging_mixin.py:190} INFO - [2025-03-08T15:32:49.906+0000] {dag.py:3262} INFO - Creating ORM DAG for mlops_pipeline
[2025-03-08T15:32:49.922+0000] {logging_mixin.py:190} INFO - [2025-03-08T15:32:49.921+0000] {dag.py:4180} INFO - Setting next_dagrun for mlops_pipeline to 2025-03-08 06:00:00+00:00, run_after=2025-03-09 06:00:00+00:00
[2025-03-08T15:32:50.004+0000] {processor.py:208} INFO - Processing /opt/airflow/dags/mlops_pipeline.py took 1.700 seconds
[2025-03-08T15:33:20.165+0000] {processor.py:186} INFO - Started process (PID=275) to work on /opt/airflow/dags/mlops_pipeline.py
[2025-03-08T15:33:20.166+0000] {processor.py:914} INFO - Processing file /opt/airflow/dags/mlops_pipeline.py for tasks to queue
[2025-03-08T15:33:20.169+0000] {logging_mixin.py:190} INFO - [2025-03-08T15:33:20.168+0000] {dagbag.py:588} INFO - Filling up the DagBag from /opt/airflow/dags/mlops_pipeline.py
[2025-03-08T15:33:21.203+0000] {processor.py:925} INFO - DAG(s) 'mlops_pipeline' retrieved from /opt/airflow/dags/mlops_pipeline.py
[2025-03-08T15:33:21.231+0000] {logging_mixin.py:190} INFO - [2025-03-08T15:33:21.231+0000] {dag.py:3239} INFO - Sync 1 DAGs
[2025-03-08T15:33:21.256+0000] {logging_mixin.py:190} INFO - [2025-03-08T15:33:21.256+0000] {dag.py:4180} INFO - Setting next_dagrun for mlops_pipeline to 2025-03-08 06:00:00+00:00, run_after=2025-03-09 06:00:00+00:00
[2025-03-08T15:33:21.316+0000] {processor.py:208} INFO - Processing /opt/airflow/dags/mlops_pipeline.py took 1.158 seconds
[2025-03-08T15:33:52.452+0000] {processor.py:186} INFO - Started process (PID=289) to work on /opt/airflow/dags/mlops_pipeline.py
[2025-03-08T15:33:52.454+0000] {processor.py:914} INFO - Processing file /opt/airflow/dags/mlops_pipeline.py for tasks to queue
[2025-03-08T15:33:52.456+0000] {logging_mixin.py:190} INFO - [2025-03-08T15:33:52.455+0000] {dagbag.py:588} INFO - Filling up the DagBag from /opt/airflow/dags/mlops_pipeline.py
[2025-03-08T15:33:53.501+0000] {processor.py:925} INFO - DAG(s) 'mlops_pipeline' retrieved from /opt/airflow/dags/mlops_pipeline.py
[2025-03-08T15:33:53.528+0000] {logging_mixin.py:190} INFO - [2025-03-08T15:33:53.527+0000] {dag.py:3239} INFO - Sync 1 DAGs
[2025-03-08T15:33:53.555+0000] {logging_mixin.py:190} INFO - [2025-03-08T15:33:53.555+0000] {dag.py:4180} INFO - Setting next_dagrun for mlops_pipeline to 2025-03-08 06:00:00+00:00, run_after=2025-03-09 06:00:00+00:00
[2025-03-08T15:33:53.616+0000] {processor.py:208} INFO - Processing /opt/airflow/dags/mlops_pipeline.py took 1.170 seconds
[2025-03-08T15:34:23.760+0000] {processor.py:186} INFO - Started process (PID=303) to work on /opt/airflow/dags/mlops_pipeline.py
[2025-03-08T15:34:23.762+0000] {processor.py:914} INFO - Processing file /opt/airflow/dags/mlops_pipeline.py for tasks to queue
[2025-03-08T15:34:23.764+0000] {logging_mixin.py:190} INFO - [2025-03-08T15:34:23.764+0000] {dagbag.py:588} INFO - Filling up the DagBag from /opt/airflow/dags/mlops_pipeline.py
[2025-03-08T15:34:24.903+0000] {processor.py:925} INFO - DAG(s) 'mlops_pipeline' retrieved from /opt/airflow/dags/mlops_pipeline.py
[2025-03-08T15:34:24.929+0000] {logging_mixin.py:190} INFO - [2025-03-08T15:34:24.929+0000] {dag.py:3239} INFO - Sync 1 DAGs
[2025-03-08T15:34:24.958+0000] {logging_mixin.py:190} INFO - [2025-03-08T15:34:24.958+0000] {dag.py:4180} INFO - Setting next_dagrun for mlops_pipeline to 2025-03-08 06:00:00+00:00, run_after=2025-03-09 06:00:00+00:00
[2025-03-08T15:34:25.020+0000] {processor.py:208} INFO - Processing /opt/airflow/dags/mlops_pipeline.py took 1.266 seconds
[2025-03-08T15:34:55.970+0000] {processor.py:186} INFO - Started process (PID=317) to work on /opt/airflow/dags/mlops_pipeline.py
[2025-03-08T15:34:55.971+0000] {processor.py:914} INFO - Processing file /opt/airflow/dags/mlops_pipeline.py for tasks to queue
[2025-03-08T15:34:55.974+0000] {logging_mixin.py:190} INFO - [2025-03-08T15:34:55.974+0000] {dagbag.py:588} INFO - Filling up the DagBag from /opt/airflow/dags/mlops_pipeline.py
[2025-03-08T15:34:57.019+0000] {processor.py:925} INFO - DAG(s) 'mlops_pipeline' retrieved from /opt/airflow/dags/mlops_pipeline.py
[2025-03-08T15:34:57.046+0000] {logging_mixin.py:190} INFO - [2025-03-08T15:34:57.046+0000] {dag.py:3239} INFO - Sync 1 DAGs
[2025-03-08T15:34:57.072+0000] {logging_mixin.py:190} INFO - [2025-03-08T15:34:57.072+0000] {dag.py:4180} INFO - Setting next_dagrun for mlops_pipeline to 2025-03-08 06:00:00+00:00, run_after=2025-03-09 06:00:00+00:00
[2025-03-08T15:34:57.132+0000] {processor.py:208} INFO - Processing /opt/airflow/dags/mlops_pipeline.py took 1.170 seconds
[2025-03-08T15:35:28.136+0000] {processor.py:186} INFO - Started process (PID=331) to work on /opt/airflow/dags/mlops_pipeline.py
[2025-03-08T15:35:28.138+0000] {processor.py:914} INFO - Processing file /opt/airflow/dags/mlops_pipeline.py for tasks to queue
[2025-03-08T15:35:28.141+0000] {logging_mixin.py:190} INFO - [2025-03-08T15:35:28.141+0000] {dagbag.py:588} INFO - Filling up the DagBag from /opt/airflow/dags/mlops_pipeline.py
[2025-03-08T15:35:29.141+0000] {processor.py:925} INFO - DAG(s) 'mlops_pipeline' retrieved from /opt/airflow/dags/mlops_pipeline.py
[2025-03-08T15:35:29.166+0000] {logging_mixin.py:190} INFO - [2025-03-08T15:35:29.166+0000] {dag.py:3239} INFO - Sync 1 DAGs
[2025-03-08T15:35:29.191+0000] {logging_mixin.py:190} INFO - [2025-03-08T15:35:29.190+0000] {dag.py:4180} INFO - Setting next_dagrun for mlops_pipeline to 2025-03-08 06:00:00+00:00, run_after=2025-03-09 06:00:00+00:00
[2025-03-08T15:35:29.250+0000] {processor.py:208} INFO - Processing /opt/airflow/dags/mlops_pipeline.py took 1.119 seconds
[2025-03-08T15:35:59.384+0000] {processor.py:186} INFO - Started process (PID=345) to work on /opt/airflow/dags/mlops_pipeline.py
[2025-03-08T15:35:59.386+0000] {processor.py:914} INFO - Processing file /opt/airflow/dags/mlops_pipeline.py for tasks to queue
[2025-03-08T15:35:59.391+0000] {logging_mixin.py:190} INFO - [2025-03-08T15:35:59.390+0000] {dagbag.py:588} INFO - Filling up the DagBag from /opt/airflow/dags/mlops_pipeline.py
[2025-03-08T15:36:00.408+0000] {processor.py:925} INFO - DAG(s) 'mlops_pipeline' retrieved from /opt/airflow/dags/mlops_pipeline.py
[2025-03-08T15:36:00.437+0000] {logging_mixin.py:190} INFO - [2025-03-08T15:36:00.437+0000] {dag.py:3239} INFO - Sync 1 DAGs
[2025-03-08T15:36:00.462+0000] {logging_mixin.py:190} INFO - [2025-03-08T15:36:00.462+0000] {dag.py:4180} INFO - Setting next_dagrun for mlops_pipeline to 2025-03-08 06:00:00+00:00, run_after=2025-03-09 06:00:00+00:00
[2025-03-08T15:36:00.524+0000] {processor.py:208} INFO - Processing /opt/airflow/dags/mlops_pipeline.py took 1.152 seconds
[2025-03-08T15:36:31.654+0000] {processor.py:186} INFO - Started process (PID=359) to work on /opt/airflow/dags/mlops_pipeline.py
[2025-03-08T15:36:31.656+0000] {processor.py:914} INFO - Processing file /opt/airflow/dags/mlops_pipeline.py for tasks to queue
[2025-03-08T15:36:31.658+0000] {logging_mixin.py:190} INFO - [2025-03-08T15:36:31.657+0000] {dagbag.py:588} INFO - Filling up the DagBag from /opt/airflow/dags/mlops_pipeline.py
[2025-03-08T15:36:32.701+0000] {processor.py:925} INFO - DAG(s) 'mlops_pipeline' retrieved from /opt/airflow/dags/mlops_pipeline.py
[2025-03-08T15:36:32.730+0000] {logging_mixin.py:190} INFO - [2025-03-08T15:36:32.730+0000] {dag.py:3239} INFO - Sync 1 DAGs
[2025-03-08T15:36:32.756+0000] {logging_mixin.py:190} INFO - [2025-03-08T15:36:32.756+0000] {dag.py:4180} INFO - Setting next_dagrun for mlops_pipeline to 2025-03-08 06:00:00+00:00, run_after=2025-03-09 06:00:00+00:00
[2025-03-08T15:36:32.810+0000] {processor.py:208} INFO - Processing /opt/airflow/dags/mlops_pipeline.py took 1.162 seconds
[2025-03-08T15:36:40.885+0000] {processor.py:186} INFO - Started process (PID=372) to work on /opt/airflow/dags/mlops_pipeline.py
[2025-03-08T15:36:40.886+0000] {processor.py:914} INFO - Processing file /opt/airflow/dags/mlops_pipeline.py for tasks to queue
[2025-03-08T15:36:40.889+0000] {logging_mixin.py:190} INFO - [2025-03-08T15:36:40.888+0000] {dagbag.py:588} INFO - Filling up the DagBag from /opt/airflow/dags/mlops_pipeline.py
[2025-03-08T15:36:41.961+0000] {processor.py:925} INFO - DAG(s) 'mlops_pipeline' retrieved from /opt/airflow/dags/mlops_pipeline.py
[2025-03-08T15:36:42.087+0000] {logging_mixin.py:190} INFO - [2025-03-08T15:36:42.087+0000] {dag.py:3239} INFO - Sync 1 DAGs
[2025-03-08T15:36:42.111+0000] {logging_mixin.py:190} INFO - [2025-03-08T15:36:42.111+0000] {dag.py:4180} INFO - Setting next_dagrun for mlops_pipeline to 2025-03-07 06:00:00+00:00, run_after=2025-03-08 06:00:00+00:00
[2025-03-08T15:36:42.187+0000] {processor.py:208} INFO - Processing /opt/airflow/dags/mlops_pipeline.py took 1.310 seconds
[2025-03-08T15:36:54.443+0000] {processor.py:186} INFO - Started process (PID=386) to work on /opt/airflow/dags/mlops_pipeline.py
[2025-03-08T15:36:54.444+0000] {processor.py:914} INFO - Processing file /opt/airflow/dags/mlops_pipeline.py for tasks to queue
[2025-03-08T15:36:54.446+0000] {logging_mixin.py:190} INFO - [2025-03-08T15:36:54.446+0000] {dagbag.py:588} INFO - Filling up the DagBag from /opt/airflow/dags/mlops_pipeline.py
[2025-03-08T15:36:55.521+0000] {processor.py:925} INFO - DAG(s) 'mlops_pipeline' retrieved from /opt/airflow/dags/mlops_pipeline.py
[2025-03-08T15:36:55.539+0000] {logging_mixin.py:190} INFO - [2025-03-08T15:36:55.538+0000] {dag.py:3239} INFO - Sync 1 DAGs
[2025-03-08T15:36:55.569+0000] {logging_mixin.py:190} INFO - [2025-03-08T15:36:55.569+0000] {dag.py:4180} INFO - Setting next_dagrun for mlops_pipeline to 2025-03-07 06:00:00+00:00, run_after=2025-03-08 06:00:00+00:00
[2025-03-08T15:36:55.651+0000] {processor.py:208} INFO - Processing /opt/airflow/dags/mlops_pipeline.py took 1.213 seconds
[2025-03-08T15:37:26.374+0000] {processor.py:186} INFO - Started process (PID=400) to work on /opt/airflow/dags/mlops_pipeline.py
[2025-03-08T15:37:26.375+0000] {processor.py:914} INFO - Processing file /opt/airflow/dags/mlops_pipeline.py for tasks to queue
[2025-03-08T15:37:26.377+0000] {logging_mixin.py:190} INFO - [2025-03-08T15:37:26.377+0000] {dagbag.py:588} INFO - Filling up the DagBag from /opt/airflow/dags/mlops_pipeline.py
[2025-03-08T15:37:27.520+0000] {processor.py:925} INFO - DAG(s) 'mlops_pipeline' retrieved from /opt/airflow/dags/mlops_pipeline.py
[2025-03-08T15:37:27.545+0000] {logging_mixin.py:190} INFO - [2025-03-08T15:37:27.545+0000] {dag.py:3239} INFO - Sync 1 DAGs
[2025-03-08T15:37:27.569+0000] {logging_mixin.py:190} INFO - [2025-03-08T15:37:27.569+0000] {dag.py:4180} INFO - Setting next_dagrun for mlops_pipeline to 2025-03-07 06:00:00+00:00, run_after=2025-03-08 06:00:00+00:00
[2025-03-08T15:37:27.628+0000] {processor.py:208} INFO - Processing /opt/airflow/dags/mlops_pipeline.py took 1.259 seconds
[2025-03-08T15:37:57.909+0000] {processor.py:186} INFO - Started process (PID=414) to work on /opt/airflow/dags/mlops_pipeline.py
[2025-03-08T15:37:57.910+0000] {processor.py:914} INFO - Processing file /opt/airflow/dags/mlops_pipeline.py for tasks to queue
[2025-03-08T15:37:57.912+0000] {logging_mixin.py:190} INFO - [2025-03-08T15:37:57.911+0000] {dagbag.py:588} INFO - Filling up the DagBag from /opt/airflow/dags/mlops_pipeline.py
[2025-03-08T15:37:59.004+0000] {processor.py:925} INFO - DAG(s) 'mlops_pipeline' retrieved from /opt/airflow/dags/mlops_pipeline.py
[2025-03-08T15:37:59.034+0000] {logging_mixin.py:190} INFO - [2025-03-08T15:37:59.034+0000] {dag.py:3239} INFO - Sync 1 DAGs
[2025-03-08T15:37:59.064+0000] {logging_mixin.py:190} INFO - [2025-03-08T15:37:59.064+0000] {dag.py:4180} INFO - Setting next_dagrun for mlops_pipeline to 2025-03-07 06:00:00+00:00, run_after=2025-03-08 06:00:00+00:00
[2025-03-08T15:37:59.125+0000] {processor.py:208} INFO - Processing /opt/airflow/dags/mlops_pipeline.py took 1.222 seconds
[2025-03-08T15:38:30.124+0000] {processor.py:186} INFO - Started process (PID=427) to work on /opt/airflow/dags/mlops_pipeline.py
[2025-03-08T15:38:30.125+0000] {processor.py:914} INFO - Processing file /opt/airflow/dags/mlops_pipeline.py for tasks to queue
[2025-03-08T15:38:30.128+0000] {logging_mixin.py:190} INFO - [2025-03-08T15:38:30.128+0000] {dagbag.py:588} INFO - Filling up the DagBag from /opt/airflow/dags/mlops_pipeline.py
[2025-03-08T15:38:31.368+0000] {processor.py:925} INFO - DAG(s) 'mlops_pipeline' retrieved from /opt/airflow/dags/mlops_pipeline.py
[2025-03-08T15:38:31.403+0000] {logging_mixin.py:190} INFO - [2025-03-08T15:38:31.403+0000] {dag.py:3239} INFO - Sync 1 DAGs
[2025-03-08T15:38:31.431+0000] {logging_mixin.py:190} INFO - [2025-03-08T15:38:31.431+0000] {dag.py:4180} INFO - Setting next_dagrun for mlops_pipeline to 2025-03-07 06:00:00+00:00, run_after=2025-03-08 06:00:00+00:00
[2025-03-08T15:38:31.496+0000] {processor.py:208} INFO - Processing /opt/airflow/dags/mlops_pipeline.py took 1.379 seconds
[2025-03-08T15:39:03.904+0000] {processor.py:186} INFO - Started process (PID=441) to work on /opt/airflow/dags/mlops_pipeline.py
[2025-03-08T15:39:03.906+0000] {processor.py:914} INFO - Processing file /opt/airflow/dags/mlops_pipeline.py for tasks to queue
[2025-03-08T15:39:03.909+0000] {logging_mixin.py:190} INFO - [2025-03-08T15:39:03.909+0000] {dagbag.py:588} INFO - Filling up the DagBag from /opt/airflow/dags/mlops_pipeline.py
[2025-03-08T15:39:04.979+0000] {processor.py:925} INFO - DAG(s) 'mlops_pipeline' retrieved from /opt/airflow/dags/mlops_pipeline.py
[2025-03-08T15:39:05.006+0000] {logging_mixin.py:190} INFO - [2025-03-08T15:39:05.005+0000] {dag.py:3239} INFO - Sync 1 DAGs
[2025-03-08T15:39:05.031+0000] {logging_mixin.py:190} INFO - [2025-03-08T15:39:05.031+0000] {dag.py:4180} INFO - Setting next_dagrun for mlops_pipeline to 2025-03-07 06:00:00+00:00, run_after=2025-03-08 06:00:00+00:00
[2025-03-08T15:39:05.089+0000] {processor.py:208} INFO - Processing /opt/airflow/dags/mlops_pipeline.py took 1.193 seconds
[2025-03-08T15:39:36.958+0000] {processor.py:186} INFO - Started process (PID=455) to work on /opt/airflow/dags/mlops_pipeline.py
[2025-03-08T15:39:36.959+0000] {processor.py:914} INFO - Processing file /opt/airflow/dags/mlops_pipeline.py for tasks to queue
[2025-03-08T15:39:36.962+0000] {logging_mixin.py:190} INFO - [2025-03-08T15:39:36.962+0000] {dagbag.py:588} INFO - Filling up the DagBag from /opt/airflow/dags/mlops_pipeline.py
[2025-03-08T15:39:37.988+0000] {processor.py:925} INFO - DAG(s) 'mlops_pipeline' retrieved from /opt/airflow/dags/mlops_pipeline.py
[2025-03-08T15:39:38.017+0000] {logging_mixin.py:190} INFO - [2025-03-08T15:39:38.016+0000] {dag.py:3239} INFO - Sync 1 DAGs
[2025-03-08T15:39:38.041+0000] {logging_mixin.py:190} INFO - [2025-03-08T15:39:38.041+0000] {dag.py:4180} INFO - Setting next_dagrun for mlops_pipeline to 2025-03-07 06:00:00+00:00, run_after=2025-03-08 06:00:00+00:00
[2025-03-08T15:39:38.100+0000] {processor.py:208} INFO - Processing /opt/airflow/dags/mlops_pipeline.py took 1.148 seconds
[2025-03-08T15:40:10.983+0000] {processor.py:186} INFO - Started process (PID=469) to work on /opt/airflow/dags/mlops_pipeline.py
[2025-03-08T15:40:10.984+0000] {processor.py:914} INFO - Processing file /opt/airflow/dags/mlops_pipeline.py for tasks to queue
[2025-03-08T15:40:10.986+0000] {logging_mixin.py:190} INFO - [2025-03-08T15:40:10.986+0000] {dagbag.py:588} INFO - Filling up the DagBag from /opt/airflow/dags/mlops_pipeline.py
[2025-03-08T15:40:12.202+0000] {processor.py:925} INFO - DAG(s) 'mlops_pipeline' retrieved from /opt/airflow/dags/mlops_pipeline.py
[2025-03-08T15:40:12.229+0000] {logging_mixin.py:190} INFO - [2025-03-08T15:40:12.229+0000] {dag.py:3239} INFO - Sync 1 DAGs
[2025-03-08T15:40:12.254+0000] {logging_mixin.py:190} INFO - [2025-03-08T15:40:12.254+0000] {dag.py:4180} INFO - Setting next_dagrun for mlops_pipeline to 2025-03-07 06:00:00+00:00, run_after=2025-03-08 06:00:00+00:00
[2025-03-08T15:40:12.320+0000] {processor.py:208} INFO - Processing /opt/airflow/dags/mlops_pipeline.py took 1.343 seconds
[2025-03-08T15:40:43.805+0000] {processor.py:186} INFO - Started process (PID=483) to work on /opt/airflow/dags/mlops_pipeline.py
[2025-03-08T15:40:43.806+0000] {processor.py:914} INFO - Processing file /opt/airflow/dags/mlops_pipeline.py for tasks to queue
[2025-03-08T15:40:43.809+0000] {logging_mixin.py:190} INFO - [2025-03-08T15:40:43.808+0000] {dagbag.py:588} INFO - Filling up the DagBag from /opt/airflow/dags/mlops_pipeline.py
[2025-03-08T15:40:44.824+0000] {processor.py:925} INFO - DAG(s) 'mlops_pipeline' retrieved from /opt/airflow/dags/mlops_pipeline.py
[2025-03-08T15:40:44.852+0000] {logging_mixin.py:190} INFO - [2025-03-08T15:40:44.851+0000] {dag.py:3239} INFO - Sync 1 DAGs
[2025-03-08T15:40:44.877+0000] {logging_mixin.py:190} INFO - [2025-03-08T15:40:44.877+0000] {dag.py:4180} INFO - Setting next_dagrun for mlops_pipeline to 2025-03-07 06:00:00+00:00, run_after=2025-03-08 06:00:00+00:00
[2025-03-08T15:40:44.939+0000] {processor.py:208} INFO - Processing /opt/airflow/dags/mlops_pipeline.py took 1.140 seconds
[2025-03-08T15:41:16.705+0000] {processor.py:186} INFO - Started process (PID=533) to work on /opt/airflow/dags/mlops_pipeline.py
[2025-03-08T15:41:16.706+0000] {processor.py:914} INFO - Processing file /opt/airflow/dags/mlops_pipeline.py for tasks to queue
[2025-03-08T15:41:16.709+0000] {logging_mixin.py:190} INFO - [2025-03-08T15:41:16.708+0000] {dagbag.py:588} INFO - Filling up the DagBag from /opt/airflow/dags/mlops_pipeline.py
[2025-03-08T15:41:17.819+0000] {processor.py:925} INFO - DAG(s) 'mlops_pipeline' retrieved from /opt/airflow/dags/mlops_pipeline.py
[2025-03-08T15:41:17.848+0000] {logging_mixin.py:190} INFO - [2025-03-08T15:41:17.847+0000] {dag.py:3239} INFO - Sync 1 DAGs
[2025-03-08T15:41:17.873+0000] {logging_mixin.py:190} INFO - [2025-03-08T15:41:17.873+0000] {dag.py:4180} INFO - Setting next_dagrun for mlops_pipeline to 2025-03-07 06:00:00+00:00, run_after=2025-03-08 06:00:00+00:00
[2025-03-08T15:41:17.939+0000] {processor.py:208} INFO - Processing /opt/airflow/dags/mlops_pipeline.py took 1.239 seconds
[2025-03-08T15:41:50.490+0000] {processor.py:186} INFO - Started process (PID=547) to work on /opt/airflow/dags/mlops_pipeline.py
[2025-03-08T15:41:50.491+0000] {processor.py:914} INFO - Processing file /opt/airflow/dags/mlops_pipeline.py for tasks to queue
[2025-03-08T15:41:50.494+0000] {logging_mixin.py:190} INFO - [2025-03-08T15:41:50.493+0000] {dagbag.py:588} INFO - Filling up the DagBag from /opt/airflow/dags/mlops_pipeline.py
[2025-03-08T15:41:51.651+0000] {processor.py:925} INFO - DAG(s) 'mlops_pipeline' retrieved from /opt/airflow/dags/mlops_pipeline.py
[2025-03-08T15:41:51.678+0000] {logging_mixin.py:190} INFO - [2025-03-08T15:41:51.677+0000] {dag.py:3239} INFO - Sync 1 DAGs
[2025-03-08T15:41:51.705+0000] {logging_mixin.py:190} INFO - [2025-03-08T15:41:51.704+0000] {dag.py:4180} INFO - Setting next_dagrun for mlops_pipeline to 2025-03-07 06:00:00+00:00, run_after=2025-03-08 06:00:00+00:00
[2025-03-08T15:41:51.770+0000] {processor.py:208} INFO - Processing /opt/airflow/dags/mlops_pipeline.py took 1.287 seconds
[2025-03-08T15:42:27.311+0000] {processor.py:186} INFO - Started process (PID=676) to work on /opt/airflow/dags/mlops_pipeline.py
[2025-03-08T15:42:27.312+0000] {processor.py:914} INFO - Processing file /opt/airflow/dags/mlops_pipeline.py for tasks to queue
[2025-03-08T15:42:27.315+0000] {logging_mixin.py:190} INFO - [2025-03-08T15:42:27.315+0000] {dagbag.py:588} INFO - Filling up the DagBag from /opt/airflow/dags/mlops_pipeline.py
[2025-03-08T15:42:29.149+0000] {processor.py:925} INFO - DAG(s) 'mlops_pipeline' retrieved from /opt/airflow/dags/mlops_pipeline.py
[2025-03-08T15:42:29.183+0000] {logging_mixin.py:190} INFO - [2025-03-08T15:42:29.182+0000] {dag.py:3239} INFO - Sync 1 DAGs
[2025-03-08T15:42:29.227+0000] {logging_mixin.py:190} INFO - [2025-03-08T15:42:29.227+0000] {dag.py:4180} INFO - Setting next_dagrun for mlops_pipeline to 2025-03-08 06:00:00+00:00, run_after=2025-03-09 06:00:00+00:00
[2025-03-08T15:42:29.289+0000] {processor.py:208} INFO - Processing /opt/airflow/dags/mlops_pipeline.py took 1.985 seconds
[2025-03-08T15:43:00.080+0000] {processor.py:186} INFO - Started process (PID=717) to work on /opt/airflow/dags/mlops_pipeline.py
[2025-03-08T15:43:00.081+0000] {processor.py:914} INFO - Processing file /opt/airflow/dags/mlops_pipeline.py for tasks to queue
[2025-03-08T15:43:00.084+0000] {logging_mixin.py:190} INFO - [2025-03-08T15:43:00.084+0000] {dagbag.py:588} INFO - Filling up the DagBag from /opt/airflow/dags/mlops_pipeline.py
[2025-03-08T15:43:01.141+0000] {processor.py:925} INFO - DAG(s) 'mlops_pipeline' retrieved from /opt/airflow/dags/mlops_pipeline.py
[2025-03-08T15:43:01.184+0000] {logging_mixin.py:190} INFO - [2025-03-08T15:43:01.183+0000] {dag.py:3239} INFO - Sync 1 DAGs
[2025-03-08T15:43:01.221+0000] {logging_mixin.py:190} INFO - [2025-03-08T15:43:01.221+0000] {dag.py:4180} INFO - Setting next_dagrun for mlops_pipeline to 2025-03-08 06:00:00+00:00, run_after=2025-03-09 06:00:00+00:00
[2025-03-08T15:43:01.282+0000] {processor.py:208} INFO - Processing /opt/airflow/dags/mlops_pipeline.py took 1.209 seconds
[2025-03-08T15:43:32.288+0000] {processor.py:186} INFO - Started process (PID=731) to work on /opt/airflow/dags/mlops_pipeline.py
[2025-03-08T15:43:32.289+0000] {processor.py:914} INFO - Processing file /opt/airflow/dags/mlops_pipeline.py for tasks to queue
[2025-03-08T15:43:32.292+0000] {logging_mixin.py:190} INFO - [2025-03-08T15:43:32.291+0000] {dagbag.py:588} INFO - Filling up the DagBag from /opt/airflow/dags/mlops_pipeline.py
[2025-03-08T15:43:33.526+0000] {processor.py:925} INFO - DAG(s) 'mlops_pipeline' retrieved from /opt/airflow/dags/mlops_pipeline.py
[2025-03-08T15:43:33.557+0000] {logging_mixin.py:190} INFO - [2025-03-08T15:43:33.557+0000] {dag.py:3239} INFO - Sync 1 DAGs
[2025-03-08T15:43:33.602+0000] {logging_mixin.py:190} INFO - [2025-03-08T15:43:33.600+0000] {dag.py:4180} INFO - Setting next_dagrun for mlops_pipeline to 2025-03-08 06:00:00+00:00, run_after=2025-03-09 06:00:00+00:00
[2025-03-08T15:43:33.678+0000] {processor.py:208} INFO - Processing /opt/airflow/dags/mlops_pipeline.py took 1.396 seconds
[2025-03-08T15:44:03.838+0000] {processor.py:186} INFO - Started process (PID=775) to work on /opt/airflow/dags/mlops_pipeline.py
[2025-03-08T15:44:03.839+0000] {processor.py:914} INFO - Processing file /opt/airflow/dags/mlops_pipeline.py for tasks to queue
[2025-03-08T15:44:03.842+0000] {logging_mixin.py:190} INFO - [2025-03-08T15:44:03.841+0000] {dagbag.py:588} INFO - Filling up the DagBag from /opt/airflow/dags/mlops_pipeline.py
[2025-03-08T15:44:05.051+0000] {processor.py:925} INFO - DAG(s) 'mlops_pipeline' retrieved from /opt/airflow/dags/mlops_pipeline.py
[2025-03-08T15:44:05.082+0000] {logging_mixin.py:190} INFO - [2025-03-08T15:44:05.082+0000] {dag.py:3239} INFO - Sync 1 DAGs
[2025-03-08T15:44:05.109+0000] {logging_mixin.py:190} INFO - [2025-03-08T15:44:05.109+0000] {dag.py:4180} INFO - Setting next_dagrun for mlops_pipeline to 2025-03-08 06:00:00+00:00, run_after=2025-03-09 06:00:00+00:00
[2025-03-08T15:44:05.177+0000] {processor.py:208} INFO - Processing /opt/airflow/dags/mlops_pipeline.py took 1.346 seconds
[2025-03-08T15:44:36.338+0000] {processor.py:186} INFO - Started process (PID=789) to work on /opt/airflow/dags/mlops_pipeline.py
[2025-03-08T15:44:36.339+0000] {processor.py:914} INFO - Processing file /opt/airflow/dags/mlops_pipeline.py for tasks to queue
[2025-03-08T15:44:36.341+0000] {logging_mixin.py:190} INFO - [2025-03-08T15:44:36.341+0000] {dagbag.py:588} INFO - Filling up the DagBag from /opt/airflow/dags/mlops_pipeline.py
[2025-03-08T15:44:37.353+0000] {processor.py:925} INFO - DAG(s) 'mlops_pipeline' retrieved from /opt/airflow/dags/mlops_pipeline.py
[2025-03-08T15:44:37.389+0000] {logging_mixin.py:190} INFO - [2025-03-08T15:44:37.389+0000] {dag.py:3239} INFO - Sync 1 DAGs
[2025-03-08T15:44:37.420+0000] {logging_mixin.py:190} INFO - [2025-03-08T15:44:37.420+0000] {dag.py:4180} INFO - Setting next_dagrun for mlops_pipeline to 2025-03-08 06:00:00+00:00, run_after=2025-03-09 06:00:00+00:00
[2025-03-08T15:44:37.508+0000] {processor.py:208} INFO - Processing /opt/airflow/dags/mlops_pipeline.py took 1.175 seconds
[2025-03-08T15:45:07.587+0000] {processor.py:186} INFO - Started process (PID=803) to work on /opt/airflow/dags/mlops_pipeline.py
[2025-03-08T15:45:07.588+0000] {processor.py:914} INFO - Processing file /opt/airflow/dags/mlops_pipeline.py for tasks to queue
[2025-03-08T15:45:07.590+0000] {logging_mixin.py:190} INFO - [2025-03-08T15:45:07.590+0000] {dagbag.py:588} INFO - Filling up the DagBag from /opt/airflow/dags/mlops_pipeline.py
[2025-03-08T15:45:01.631+0000] {processor.py:925} INFO - DAG(s) 'mlops_pipeline' retrieved from /opt/airflow/dags/mlops_pipeline.py
[2025-03-08T15:45:01.662+0000] {logging_mixin.py:190} INFO - [2025-03-08T15:45:01.661+0000] {dag.py:3239} INFO - Sync 1 DAGs
[2025-03-08T15:45:01.689+0000] {logging_mixin.py:190} INFO - [2025-03-08T15:45:01.689+0000] {dag.py:4180} INFO - Setting next_dagrun for mlops_pipeline to 2025-03-08 06:00:00+00:00, run_after=2025-03-09 06:00:00+00:00
[2025-03-08T15:45:01.751+0000] {processor.py:208} INFO - Processing /opt/airflow/dags/mlops_pipeline.py took 1.323 seconds
[2025-03-08T15:45:44.284+0000] {processor.py:186} INFO - Started process (PID=871) to work on /opt/airflow/dags/mlops_pipeline.py
[2025-03-08T15:45:44.285+0000] {processor.py:914} INFO - Processing file /opt/airflow/dags/mlops_pipeline.py for tasks to queue
[2025-03-08T15:45:44.288+0000] {logging_mixin.py:190} INFO - [2025-03-08T15:45:44.287+0000] {dagbag.py:588} INFO - Filling up the DagBag from /opt/airflow/dags/mlops_pipeline.py
[2025-03-08T15:45:45.276+0000] {processor.py:925} INFO - DAG(s) 'mlops_pipeline' retrieved from /opt/airflow/dags/mlops_pipeline.py
[2025-03-08T15:45:45.316+0000] {logging_mixin.py:190} INFO - [2025-03-08T15:45:45.315+0000] {dag.py:3239} INFO - Sync 1 DAGs
[2025-03-08T15:45:45.353+0000] {logging_mixin.py:190} INFO - [2025-03-08T15:45:45.353+0000] {dag.py:4180} INFO - Setting next_dagrun for mlops_pipeline to 2025-03-08 06:00:00+00:00, run_after=2025-03-09 06:00:00+00:00
[2025-03-08T15:45:45.408+0000] {processor.py:208} INFO - Processing /opt/airflow/dags/mlops_pipeline.py took 1.131 seconds
[2025-03-08T15:46:17.399+0000] {processor.py:186} INFO - Started process (PID=966) to work on /opt/airflow/dags/mlops_pipeline.py
[2025-03-08T15:46:17.400+0000] {processor.py:914} INFO - Processing file /opt/airflow/dags/mlops_pipeline.py for tasks to queue
[2025-03-08T15:46:17.402+0000] {logging_mixin.py:190} INFO - [2025-03-08T15:46:17.402+0000] {dagbag.py:588} INFO - Filling up the DagBag from /opt/airflow/dags/mlops_pipeline.py
[2025-03-08T15:46:18.423+0000] {processor.py:925} INFO - DAG(s) 'mlops_pipeline' retrieved from /opt/airflow/dags/mlops_pipeline.py
[2025-03-08T15:46:18.451+0000] {logging_mixin.py:190} INFO - [2025-03-08T15:46:18.450+0000] {dag.py:3239} INFO - Sync 1 DAGs
[2025-03-08T15:46:18.477+0000] {logging_mixin.py:190} INFO - [2025-03-08T15:46:18.477+0000] {dag.py:4180} INFO - Setting next_dagrun for mlops_pipeline to 2025-03-08 06:00:00+00:00, run_after=2025-03-09 06:00:00+00:00
[2025-03-08T15:46:18.542+0000] {processor.py:208} INFO - Processing /opt/airflow/dags/mlops_pipeline.py took 1.149 seconds
[2025-03-08T15:46:50.250+0000] {processor.py:186} INFO - Started process (PID=980) to work on /opt/airflow/dags/mlops_pipeline.py
[2025-03-08T15:46:50.252+0000] {processor.py:914} INFO - Processing file /opt/airflow/dags/mlops_pipeline.py for tasks to queue
[2025-03-08T15:46:50.254+0000] {logging_mixin.py:190} INFO - [2025-03-08T15:46:50.253+0000] {dagbag.py:588} INFO - Filling up the DagBag from /opt/airflow/dags/mlops_pipeline.py
[2025-03-08T15:46:51.269+0000] {processor.py:925} INFO - DAG(s) 'mlops_pipeline' retrieved from /opt/airflow/dags/mlops_pipeline.py
[2025-03-08T15:46:51.299+0000] {logging_mixin.py:190} INFO - [2025-03-08T15:46:51.298+0000] {dag.py:3239} INFO - Sync 1 DAGs
[2025-03-08T15:46:51.326+0000] {logging_mixin.py:190} INFO - [2025-03-08T15:46:51.325+0000] {dag.py:4180} INFO - Setting next_dagrun for mlops_pipeline to 2025-03-08 06:00:00+00:00, run_after=2025-03-09 06:00:00+00:00
[2025-03-08T15:46:51.383+0000] {processor.py:208} INFO - Processing /opt/airflow/dags/mlops_pipeline.py took 1.138 seconds
[2025-03-08T15:47:24.204+0000] {processor.py:186} INFO - Started process (PID=994) to work on /opt/airflow/dags/mlops_pipeline.py
[2025-03-08T15:47:24.205+0000] {processor.py:914} INFO - Processing file /opt/airflow/dags/mlops_pipeline.py for tasks to queue
[2025-03-08T15:47:24.207+0000] {logging_mixin.py:190} INFO - [2025-03-08T15:47:24.207+0000] {dagbag.py:588} INFO - Filling up the DagBag from /opt/airflow/dags/mlops_pipeline.py
[2025-03-08T15:47:25.187+0000] {processor.py:925} INFO - DAG(s) 'mlops_pipeline' retrieved from /opt/airflow/dags/mlops_pipeline.py
[2025-03-08T15:47:25.212+0000] {logging_mixin.py:190} INFO - [2025-03-08T15:47:25.212+0000] {dag.py:3239} INFO - Sync 1 DAGs
[2025-03-08T15:47:25.236+0000] {logging_mixin.py:190} INFO - [2025-03-08T15:47:25.236+0000] {dag.py:4180} INFO - Setting next_dagrun for mlops_pipeline to 2025-03-08 06:00:00+00:00, run_after=2025-03-09 06:00:00+00:00
[2025-03-08T15:47:25.296+0000] {processor.py:208} INFO - Processing /opt/airflow/dags/mlops_pipeline.py took 1.098 seconds
[2025-03-08T15:47:56.999+0000] {processor.py:186} INFO - Started process (PID=1008) to work on /opt/airflow/dags/mlops_pipeline.py
[2025-03-08T15:47:57.000+0000] {processor.py:914} INFO - Processing file /opt/airflow/dags/mlops_pipeline.py for tasks to queue
[2025-03-08T15:47:57.003+0000] {logging_mixin.py:190} INFO - [2025-03-08T15:47:57.003+0000] {dagbag.py:588} INFO - Filling up the DagBag from /opt/airflow/dags/mlops_pipeline.py
[2025-03-08T15:47:58.043+0000] {processor.py:925} INFO - DAG(s) 'mlops_pipeline' retrieved from /opt/airflow/dags/mlops_pipeline.py
[2025-03-08T15:47:58.070+0000] {logging_mixin.py:190} INFO - [2025-03-08T15:47:58.070+0000] {dag.py:3239} INFO - Sync 1 DAGs
[2025-03-08T15:47:58.096+0000] {logging_mixin.py:190} INFO - [2025-03-08T15:47:58.096+0000] {dag.py:4180} INFO - Setting next_dagrun for mlops_pipeline to 2025-03-08 06:00:00+00:00, run_after=2025-03-09 06:00:00+00:00
[2025-03-08T15:47:58.154+0000] {processor.py:208} INFO - Processing /opt/airflow/dags/mlops_pipeline.py took 1.161 seconds
